[2026-03-02 19:22:42,387] 27 root - INFO - Yaml File: config\config.yaml loaded successfully
[2026-03-02 19:22:42,397] 27 root - INFO - Yaml File: Params.yaml loaded successfully
[2026-03-02 19:22:42,397] 27 root - INFO - Yaml File: schema.yaml loaded successfully
[2026-03-02 19:22:42,402] 46 root - INFO - Created directory at: artifacts/data_ingestion
[2026-03-02 19:22:44,391] 18 root - INFO - artifacts/data_ingestion/data.zip download! with following info: 
 Connection: close
Content-Length: 23329
Cache-Control: max-age=300
Content-Security-Policy: default-src 'none'; style-src 'unsafe-inline'; sandbox
Content-Type: application/zip
ETag: "c69888a4ae59bc5a893392785a938ccd4937981c06ba8a9d6a21aa52b4ab5b6e"
Strict-Transport-Security: max-age=31536000
X-Content-Type-Options: nosniff
X-Frame-Options: deny
X-XSS-Protection: 1; mode=block
X-GitHub-Request-Id: 1DB0:3AD6F4:2845EE:6FA3F8:69A5962C
Accept-Ranges: bytes
Date: Mon, 02 Mar 2026 13:52:45 GMT
Via: 1.1 varnish
X-Served-By: cache-maa10246-MAA
X-Cache: MISS
X-Cache-Hits: 0
X-Timer: S1772459566.591540,VS0,VE268
Vary: Authorization,Accept-Encoding
Access-Control-Allow-Origin: *
Cross-Origin-Resource-Policy: cross-origin
X-Fastly-Request-ID: da0e33761b83fb6b3ddb8038a1feb5d3cbf350b9
Expires: Mon, 02 Mar 2026 13:57:45 GMT
Source-Age: 0


[2026-03-02 19:22:44,477] 10 root - INFO - stage: Data Ingestion Stage Completed 


