[2026-03-03 01:17:45,203] 27 root - INFO - Yaml File: config\config.yaml loaded successfully
[2026-03-03 01:17:45,223] 27 root - INFO - Yaml File: Params.yaml loaded successfully
[2026-03-03 01:17:45,230] 27 root - INFO - Yaml File: schema.yaml loaded successfully
[2026-03-03 01:17:45,236] 46 root - INFO - Created directory at: artifacts/data_ingestion
[2026-03-03 01:17:45,237] 20 root - INFO - file already exist
[2026-03-03 01:17:45,286] 14 root - INFO - stage: Data Ingestion Stage Completed 


[2026-03-03 01:17:45,286] 27 root - INFO - Yaml File: config\config.yaml loaded successfully
[2026-03-03 01:17:45,286] 27 root - INFO - Yaml File: Params.yaml loaded successfully
[2026-03-03 01:17:45,286] 27 root - INFO - Yaml File: schema.yaml loaded successfully
[2026-03-03 01:17:45,296] 46 root - INFO - Created directory at: artifacts/data_validation
[2026-03-03 01:17:45,382] 25 root - INFO - stage: Data Validation Stage Completed


[2026-03-03 01:17:45,390] 27 root - INFO - Yaml File: config\config.yaml loaded successfully
[2026-03-03 01:17:45,390] 27 root - INFO - Yaml File: Params.yaml loaded successfully
[2026-03-03 01:17:45,396] 27 root - INFO - Yaml File: schema.yaml loaded successfully
[2026-03-03 01:17:45,397] 46 root - INFO - Created directory at: artifacts/data_transformation
[2026-03-03 01:17:45,558] 19 root - INFO - Splitting data into training and test sets
[2026-03-03 01:17:45,558] 20 root - INFO - (1199, 12)
[2026-03-03 01:17:45,568] 21 root - INFO - (400, 12)
[2026-03-03 01:17:45,568] 35 root - INFO - Stage: Data Transformation Stage Completed


[2026-03-03 01:17:45,574] 27 root - INFO - Yaml File: config\config.yaml loaded successfully
[2026-03-03 01:17:45,577] 27 root - INFO - Yaml File: Params.yaml loaded successfully
[2026-03-03 01:17:45,581] 27 root - INFO - Yaml File: schema.yaml loaded successfully
[2026-03-03 01:17:45,582] 46 root - INFO - Created directory at: artifacts/model_trainer
[2026-03-03 01:17:45,730] 45 root - INFO - Stage: Model Training Stage Completed
[2026-03-03 01:17:45,733] 27 root - INFO - Yaml File: config\config.yaml loaded successfully
[2026-03-03 01:17:45,733] 27 root - INFO - Yaml File: Params.yaml loaded successfully
[2026-03-03 01:17:45,733] 27 root - INFO - Yaml File: schema.yaml loaded successfully
[2026-03-03 01:17:45,739] 46 root - INFO - Created directory at: artifacts/model_evaluation
[2026-03-03 01:17:55,361] 58 root - INFO - name 'save_json' is not defined
